android/app/build/intermediates/manifest_merge_blame_file/debug/processDebugMainManifest/manifest-merger-blame-debug-report.txt
1<?xml version="1.0" encoding="utf-8"?>
2<manifest xmlns:android="http://schemas.android.com/apk/res/android"
3    package="com.charshealt.app"
4    android:versionCode="1"
5    android:versionName="1.0" >
6
7    <uses-sdk
8        android:minSdkVersion="23"
9        android:targetSdkVersion="35" />
10
11    <!-- Permissions -->
12    <uses-permission android:name="android.permission.INTERNET" />
12-->src\main\AndroidManifest.xml:44:5-67
12-->src\main\AndroidManifest.xml:44:22-64
13    <uses-permission android:name="android.permission.CAMERA" />
13-->src\main\AndroidManifest.xml:45:5-65
13-->src\main\AndroidManifest.xml:45:22-62
14    <uses-permission android:name="android.permission.RECORD_AUDIO" />
14-->src\main\AndroidManifest.xml:46:5-71
14-->src\main\AndroidManifest.xml:46:22-68
15    <uses-permission android:name="android.permission.MODIFY_AUDIO_SETTINGS" />
15-->src\main\AndroidManifest.xml:47:5-80
15-->src\main\AndroidManifest.xml:47:22-77
16    <uses-permission android:name="android.permission.FLASHLIGHT" />
16-->src\main\AndroidManifest.xml:48:5-69
16-->src\main\AndroidManifest.xml:48:22-66
17    <uses-permission android:name="android.permission.WAKE_LOCK" />
17-->src\main\AndroidManifest.xml:49:5-68
17-->src\main\AndroidManifest.xml:49:22-65
18
19    <uses-feature
19-->src\main\AndroidManifest.xml:51:5-84
20        android:name="android.hardware.camera"
20-->src\main\AndroidManifest.xml:51:19-57
21        android:required="true" />
21-->src\main\AndroidManifest.xml:51:58-81
22    <uses-feature
22-->src\main\AndroidManifest.xml:52:5-95
23        android:name="android.hardware.camera.autofocus"
23-->src\main\AndroidManifest.xml:52:19-67
24        android:required="false" />
24-->src\main\AndroidManifest.xml:52:68-92
25    <uses-feature
25-->src\main\AndroidManifest.xml:53:5-91
26        android:name="android.hardware.camera.flash"
26-->src\main\AndroidManifest.xml:53:19-63
27        android:required="false" />
27-->src\main\AndroidManifest.xml:53:64-88
28
29    <permission
29-->[androidx.core:core:1.15.0] AndroidManifest.xml:22:5-24:47
30        android:name="com.charshealt.app.DYNAMIC_RECEIVER_NOT_EXPORTED_PERMISSION"
30-->[androidx.core:core:1.15.0] AndroidManifest.xml:23:9-81
31        android:protectionLevel="signature" />
31-->[androidx.core:core:1.15.0] AndroidManifest.xml:24:9-44
32
33    <uses-permission android:name="com.charshealt.app.DYNAMIC_RECEIVER_NOT_EXPORTED_PERMISSION" />
33-->[androidx.core:core:1.15.0] AndroidManifest.xml:26:5-97
33-->[androidx.core:core:1.15.0] AndroidManifest.xml:26:22-94
34
35    <application
35-->src\main\AndroidManifest.xml:4:5-41:19
36        android:allowBackup="true"
36-->src\main\AndroidManifest.xml:5:9-35
37        android:appComponentFactory="androidx.core.app.CoreComponentFactory"
37-->[androidx.core:core:1.15.0] AndroidManifest.xml:28:18-86
38        android:debuggable="true"
39        android:extractNativeLibs="false"
40        android:hardwareAccelerated="true"
40-->src\main\AndroidManifest.xml:11:9-43
41        android:icon="@mipmap/ic_launcher"
41-->src\main\AndroidManifest.xml:6:9-43
42        android:label="@string/app_name"
42-->src\main\AndroidManifest.xml:7:9-41
43        android:roundIcon="@mipmap/ic_launcher_round"
43-->src\main\AndroidManifest.xml:8:9-54
44        android:supportsRtl="true"
44-->src\main\AndroidManifest.xml:9:9-35
45        android:theme="@style/AppTheme"
45-->src\main\AndroidManifest.xml:10:9-40
46        android:usesCleartextTraffic="true" >
46-->[:capacitor-cordova-android-plugins] AndroidManifest.xml:8:18-53
47        <activity
47-->src\main\AndroidManifest.xml:13:9-30:20
48            android:name="com.charshealt.app.MainActivity"
48-->src\main\AndroidManifest.xml:15:13-41
49            android:configChanges="orientation|keyboardHidden|keyboard|screenSize|locale|smallestScreenSize|screenLayout|uiMode|navigation"
49-->src\main\AndroidManifest.xml:14:13-140
50            android:exported="true"
50-->src\main\AndroidManifest.xml:21:13-36
51            android:immersive="true"
51-->src\main\AndroidManifest.xml:23:13-37
52            android:label="@string/title_activity_main"
52-->src\main\AndroidManifest.xml:16:13-56
53            android:launchMode="singleTask"
53-->src\main\AndroidManifest.xml:18:13-44
54            android:resizeableActivity="false"
54-->src\main\AndroidManifest.xml:22:13-47
55            android:screenOrientation="portrait"
55-->src\main\AndroidManifest.xml:19:13-49
56            android:theme="@style/AppTheme.NoActionBarLaunch"
56-->src\main\AndroidManifest.xml:17:13-62
57            android:windowSoftInputMode="adjustResize" >
57-->src\main\AndroidManifest.xml:20:13-55
58            <intent-filter>
58-->src\main\AndroidManifest.xml:25:13-28:29
59                <action android:name="android.intent.action.MAIN" />
59-->src\main\AndroidManifest.xml:26:17-69
59-->src\main\AndroidManifest.xml:26:25-66
60
61                <category android:name="android.intent.category.LAUNCHER" />
61-->src\main\AndroidManifest.xml:27:17-77
61-->src\main\AndroidManifest.xml:27:27-74
62            </intent-filter>
63        </activity>
64
65        <provider
66            android:name="androidx.core.content.FileProvider"
66-->src\main\AndroidManifest.xml:33:13-62
67            android:authorities="com.charshealt.app.fileprovider"
67-->src\main\AndroidManifest.xml:34:13-64
68            android:exported="false"
68-->src\main\AndroidManifest.xml:35:13-37
69            android:grantUriPermissions="true" >
69-->src\main\AndroidManifest.xml:36:13-47
70            <meta-data
70-->src\main\AndroidManifest.xml:37:13-39:64
71                android:name="android.support.FILE_PROVIDER_PATHS"
71-->src\main\AndroidManifest.xml:38:17-67
72                android:resource="@xml/file_paths" />
72-->src\main\AndroidManifest.xml:39:17-51
73        </provider>
74        <provider
74-->[androidx.emoji2:emoji2:1.3.0] AndroidManifest.xml:24:9-32:20
75            android:name="androidx.startup.InitializationProvider"
75-->[androidx.emoji2:emoji2:1.3.0] AndroidManifest.xml:25:13-67
76            android:authorities="com.charshealt.app.androidx-startup"
76-->[androidx.emoji2:emoji2:1.3.0] AndroidManifest.xml:26:13-68
77            android:exported="false" >
77-->[androidx.emoji2:emoji2:1.3.0] AndroidManifest.xml:27:13-37
78            <meta-data
78-->[androidx.emoji2:emoji2:1.3.0] AndroidManifest.xml:29:13-31:52
79                android:name="androidx.emoji2.text.EmojiCompatInitializer"
79-->[androidx.emoji2:emoji2:1.3.0] AndroidManifest.xml:30:17-75
80                android:value="androidx.startup" />
80-->[androidx.emoji2:emoji2:1.3.0] AndroidManifest.xml:31:17-49
81            <meta-data
81-->[androidx.lifecycle:lifecycle-process:2.6.2] AndroidManifest.xml:29:13-31:52
82                android:name="androidx.lifecycle.ProcessLifecycleInitializer"
82-->[androidx.lifecycle:lifecycle-process:2.6.2] AndroidManifest.xml:30:17-78
83                android:value="androidx.startup" />
83-->[androidx.lifecycle:lifecycle-process:2.6.2] AndroidManifest.xml:31:17-49
84            <meta-data
84-->[androidx.profileinstaller:profileinstaller:1.3.1] AndroidManifest.xml:29:13-31:52
85                android:name="androidx.profileinstaller.ProfileInstallerInitializer"
85-->[androidx.profileinstaller:profileinstaller:1.3.1] AndroidManifest.xml:30:17-85
86                android:value="androidx.startup" />
86-->[androidx.profileinstaller:profileinstaller:1.3.1] AndroidManifest.xml:31:17-49
87        </provider>
88
89        <receiver
89-->[androidx.profileinstaller:profileinstaller:1.3.1] AndroidManifest.xml:34:9-52:20
90            android:name="androidx.profileinstaller.ProfileInstallReceiver"
90-->[androidx.profileinstaller:profileinstaller:1.3.1] AndroidManifest.xml:35:13-76
91            android:directBootAware="false"
91-->[androidx.profileinstaller:profileinstaller:1.3.1] AndroidManifest.xml:36:13-44
92            android:enabled="true"
92-->[androidx.profileinstaller:profileinstaller:1.3.1] AndroidManifest.xml:37:13-35
93            android:exported="true"
93-->[androidx.profileinstaller:profileinstaller:1.3.1] AndroidManifest.xml:38:13-36
94            android:permission="android.permission.DUMP" >
94-->[androidx.profileinstaller:profileinstaller:1.3.1] AndroidManifest.xml:39:13-57
95            <intent-filter>
95-->[androidx.profileinstaller:profileinstaller:1.3.1] AndroidManifest.xml:40:13-42:29
96                <action android:name="androidx.profileinstaller.action.INSTALL_PROFILE" />
96-->[androidx.profileinstaller:profileinstaller:1.3.1] AndroidManifest.xml:41:17-91
96-->[androidx.profileinstaller:profileinstaller:1.3.1] AndroidManifest.xml:41:25-88
97            </intent-filter>
98            <intent-filter>
98-->[androidx.profileinstaller:profileinstaller:1.3.1] AndroidManifest.xml:43:13-45:29
99                <action android:name="androidx.profileinstaller.action.SKIP_FILE" />
99-->[androidx.profileinstaller:profileinstaller:1.3.1] AndroidManifest.xml:44:17-85
99-->[androidx.profileinstaller:profileinstaller:1.3.1] AndroidManifest.xml:44:25-82
100            </intent-filter>
101            <intent-filter>
101-->[androidx.profileinstaller:profileinstaller:1.3.1] AndroidManifest.xml:46:13-48:29
102                <action android:name="androidx.profileinstaller.action.SAVE_PROFILE" />
102-->[androidx.profileinstaller:profileinstaller:1.3.1] AndroidManifest.xml:47:17-88
102-->[androidx.profileinstaller:profileinstaller:1.3.1] AndroidManifest.xml:47:25-85
103            </intent-filter>
104            <intent-filter>
104-->[androidx.profileinstaller:profileinstaller:1.3.1] AndroidManifest.xml:49:13-51:29
105                <action android:name="androidx.profileinstaller.action.BENCHMARK_OPERATION" />
105-->[androidx.profileinstaller:profileinstaller:1.3.1] AndroidManifest.xml:50:17-95
105-->[androidx.profileinstaller:profileinstaller:1.3.1] AndroidManifest.xml:50:25-92
106            </intent-filter>
107        </receiver>
108    </application>
109
110</manifest>